[debug] [2023-10-07T22:49:29.452Z] ----------------------------------------------------------------------
[debug] [2023-10-07T22:49:29.455Z] Command:       C:\Program Files\nodejs\node.exe C:\Users\hp\AppData\Roaming\npm\node_modules\firebase-tools\lib\bin\firebase.js deploy
[debug] [2023-10-07T22:49:29.456Z] CLI Version:   12.6.1
[debug] [2023-10-07T22:49:29.456Z] Platform:      win32
[debug] [2023-10-07T22:49:29.456Z] Node Version:  v16.13.1
[debug] [2023-10-07T22:49:29.458Z] Time:          Sat Oct 07 2023 23:49:29 GMT+0100 (West Africa Standard Time)
[debug] [2023-10-07T22:49:29.458Z] ----------------------------------------------------------------------
[debug] 
[debug] [2023-10-07T22:49:29.463Z] >>> [apiv2][query] GET https://firebase-public.firebaseio.com/cli.json [none]
[debug] [2023-10-07T22:49:29.596Z] > command requires scopes: ["email","openid","https://www.googleapis.com/auth/cloudplatformprojects.readonly","https://www.googleapis.com/auth/firebase","https://www.googleapis.com/auth/cloud-platform"]
[debug] [2023-10-07T22:49:29.597Z] > authorizing via signed-in user (onuohadarlington38@gmail.com)
[debug] [2023-10-07T22:49:29.597Z] [iam] checking project darlingtontbh for permissions ["firebase.projects.get","firebasehosting.sites.update"]
[debug] [2023-10-07T22:49:29.598Z] > refreshing access token with scopes: []
[debug] [2023-10-07T22:49:29.599Z] >>> [apiv2][query] POST https://www.googleapis.com/oauth2/v3/token [none]
[debug] [2023-10-07T22:49:29.599Z] >>> [apiv2][body] POST https://www.googleapis.com/oauth2/v3/token [omitted]
[debug] [2023-10-07T22:49:30.046Z] <<< [apiv2][status] POST https://www.googleapis.com/oauth2/v3/token 200
[debug] [2023-10-07T22:49:30.046Z] <<< [apiv2][body] POST https://www.googleapis.com/oauth2/v3/token [omitted]
[debug] [2023-10-07T22:49:30.232Z] >>> [apiv2][query] POST https://cloudresourcemanager.googleapis.com/v1/projects/darlingtontbh:testIamPermissions [none]
[debug] [2023-10-07T22:49:30.233Z] >>> [apiv2][(partial)header] POST https://cloudresourcemanager.googleapis.com/v1/projects/darlingtontbh:testIamPermissions x-goog-quota-user=projects/darlingtontbh
[debug] [2023-10-07T22:49:30.233Z] >>> [apiv2][body] POST https://cloudresourcemanager.googleapis.com/v1/projects/darlingtontbh:testIamPermissions {"permissions":["firebase.projects.get","firebasehosting.sites.update"]}
[debug] [2023-10-07T22:49:30.237Z] <<< [apiv2][status] GET https://firebase-public.firebaseio.com/cli.json 200
[debug] [2023-10-07T22:49:30.237Z] <<< [apiv2][body] GET https://firebase-public.firebaseio.com/cli.json {"cloudBuildErrorAfter":1594252800000,"cloudBuildWarnAfter":1590019200000,"defaultNode10After":1594252800000,"minVersion":"3.0.5","node8DeploysDisabledAfter":1613390400000,"node8RuntimeDisabledAfter":1615809600000,"node8WarnAfter":1600128000000}
